0 info it worked if it ends with ok
1 verbose cli [ '/usr/bin/node', '/usr/bin/npm', 'run', 'dev' ]
2 info using npm@3.5.2
3 info using node@v8.10.0
4 verbose run-script [ 'predev', 'dev', 'postdev' ]
5 info lifecycle bootstrap-webpack-jquery-boilerplate@1.6.4~predev: bootstrap-webpack-jquery-boilerplate@1.6.4
6 silly lifecycle bootstrap-webpack-jquery-boilerplate@1.6.4~predev: no script for predev, continuing
7 info lifecycle bootstrap-webpack-jquery-boilerplate@1.6.4~dev: bootstrap-webpack-jquery-boilerplate@1.6.4
8 verbose lifecycle bootstrap-webpack-jquery-boilerplate@1.6.4~dev: unsafe-perm in lifecycle true
9 verbose lifecycle bootstrap-webpack-jquery-boilerplate@1.6.4~dev: PATH: /usr/share/npm/bin/node-gyp-bin:/home/infernet/Документы/karatunova_webpack/node_modules/.bin:/tmp/yarn--1566382252817-0.35943102618702794:/home/infernet/Документы/karatunova_webpack/node_modules/.bin:/home/infernet/.config/yarn/link/node_modules/.bin:/home/infernet/.yarn/bin:/usr/libexec/lib/node_modules/npm/bin/node-gyp-bin:/usr/lib/node_modules/npm/bin/node-gyp-bin:/usr/bin/node_modules/npm/bin/node-gyp-bin:/usr/local/sbin:/usr/local/bin:/usr/sbin:/usr/bin:/sbin:/bin:/usr/games:/usr/local/games
10 verbose lifecycle bootstrap-webpack-jquery-boilerplate@1.6.4~dev: CWD: /home/infernet/Документы/karatunova_webpack
11 silly lifecycle bootstrap-webpack-jquery-boilerplate@1.6.4~dev: Args: [ '-c',
11 silly lifecycle   'cross-env NODE_ENV=dev webpack-dev-server --open --config webpack.config.js' ]
12 silly lifecycle bootstrap-webpack-jquery-boilerplate@1.6.4~dev: Returned: code: 1  signal: null
13 info lifecycle bootstrap-webpack-jquery-boilerplate@1.6.4~dev: Failed to exec dev script
14 verbose stack Error: bootstrap-webpack-jquery-boilerplate@1.6.4 dev: `cross-env NODE_ENV=dev webpack-dev-server --open --config webpack.config.js`
14 verbose stack Exit status 1
14 verbose stack     at EventEmitter.<anonymous> (/usr/share/npm/lib/utils/lifecycle.js:232:16)
14 verbose stack     at emitTwo (events.js:126:13)
14 verbose stack     at EventEmitter.emit (events.js:214:7)
14 verbose stack     at ChildProcess.<anonymous> (/usr/share/npm/lib/utils/spawn.js:24:14)
14 verbose stack     at emitTwo (events.js:126:13)
14 verbose stack     at ChildProcess.emit (events.js:214:7)
14 verbose stack     at maybeClose (internal/child_process.js:925:16)
14 verbose stack     at Process.ChildProcess._handle.onexit (internal/child_process.js:209:5)
15 verbose pkgid bootstrap-webpack-jquery-boilerplate@1.6.4
16 verbose cwd /home/infernet/Документы/karatunova_webpack
17 error Linux 4.15.0-20-generic
18 error argv "/usr/bin/node" "/usr/bin/npm" "run" "dev"
19 error node v8.10.0
20 error npm  v3.5.2
21 error code ELIFECYCLE
22 error bootstrap-webpack-jquery-boilerplate@1.6.4 dev: `cross-env NODE_ENV=dev webpack-dev-server --open --config webpack.config.js`
22 error Exit status 1
23 error Failed at the bootstrap-webpack-jquery-boilerplate@1.6.4 dev script 'cross-env NODE_ENV=dev webpack-dev-server --open --config webpack.config.js'.
23 error Make sure you have the latest version of node.js and npm installed.
23 error If you do, this is most likely a problem with the bootstrap-webpack-jquery-boilerplate package,
23 error not with npm itself.
23 error Tell the author that this fails on your system:
23 error     cross-env NODE_ENV=dev webpack-dev-server --open --config webpack.config.js
23 error You can get information on how to open an issue for this project with:
23 error     npm bugs bootstrap-webpack-jquery-boilerplate
23 error Or if that isn't available, you can get their info via:
23 error     npm owner ls bootstrap-webpack-jquery-boilerplate
23 error There is likely additional logging output above.
24 verbose exit [ 1, true ]
